#
# There is insufficient memory for the Java Runtime Environment to continue.
# Native memory allocation (mmap) failed to map 65536 bytes for Failed to commit metaspace.
# Possible reasons:
#   The system is out of physical RAM or swap space
#   The process is running with CompressedOops enabled, and the Java Heap may be blocking the growth of the native heap
# Possible solutions:
#   Reduce memory load on the system
#   Increase physical memory or swap space
#   Check if swap backing store is full
#   Decrease Java heap size (-Xmx/-Xms)
#   Decrease number of Java threads
#   Decrease Java thread stack sizes (-Xss)
#   Set larger code cache with -XX:ReservedCodeCacheSize=
#   JVM is running with Unscaled Compressed Oops mode in which the Java heap is
#     placed in the first 4GB address space. The Java Heap base address is the
#     maximum limit for the native heap growth. Please use -XX:HeapBaseMinAddress
#     to set the Java Heap base and to place the Java Heap above 4GB virtual address.
# This output file may be truncated or incomplete.
#
#  Out of Memory Error (virtualSpaceNode.cpp:110), pid=47580, tid=50188
#
# JRE version: OpenJDK Runtime Environment Temurin-17.0.7+7 (17.0.7+7) (build 17.0.7+7)
# Java VM: OpenJDK 64-Bit Server VM Temurin-17.0.7+7 (17.0.7+7, mixed mode, tiered, compressed oops, compressed class ptrs, g1 gc, windows-amd64)
# No core dump will be written. Minidumps are not enabled by default on client versions of Windows
#

---------------  S U M M A R Y ------------

Command Line: -XX:+ShowCodeDetailsInExceptionMessages -agentlib:jdwp=transport=dt_socket,suspend=y,address=localhost:59341 -javaagent:C:\Users\Аружан\Downloads\eclipse-java-2023-06-R-win32-x86_64\eclipse\configuration\org.eclipse.osgi\248\0\.cp\lib\javaagent-shaded.jar -Dfile.encoding=UTF-8 SubSystems.Translator

Host: AMD Ryzen 7 4800H with Radeon Graphics         , 16 cores, 7G,  Windows 11 , 64 bit Build 22621 (10.0.22621.2506)
Time: Sat Dec 23 17:36:52 2023 Central Asia Standard Time elapsed time: 4.752919 seconds (0d 0h 0m 4s)

---------------  T H R E A D  ---------------

Current thread (0x000001a73f69c6e0):  JavaThread "main" [_thread_in_vm, id=50188, stack(0x000000a249b00000,0x000000a249c00000)]

Stack: [0x000000a249b00000,0x000000a249c00000]
Native frames: (J=compiled Java code, j=interpreted, Vv=VM code, C=native code)
V  [jvm.dll+0x67754a]
V  [jvm.dll+0x834304]
V  [jvm.dll+0x835aae]
V  [jvm.dll+0x836113]
V  [jvm.dll+0x24696f]
V  [jvm.dll+0x83039b]
V  [jvm.dll+0x61c006]
V  [jvm.dll+0x61c06a]
V  [jvm.dll+0x61e89a]
V  [jvm.dll+0x61c9a6]
V  [jvm.dll+0x23aeff]
V  [jvm.dll+0x626845]
V  [jvm.dll+0x1eb47b]
V  [jvm.dll+0x1eb9b5]
V  [jvm.dll+0x1ec3ef]
V  [jvm.dll+0x1e1891]
V  [jvm.dll+0x53ea50]
V  [jvm.dll+0x1f2067]
V  [jvm.dll+0x7af05b]
V  [jvm.dll+0x7b0402]
V  [jvm.dll+0x7b0738]
V  [jvm.dll+0x23ec6e]
V  [jvm.dll+0x380a4e]
C  0x000001a74a1c75c5

Java frames: (J=compiled Java code, j=interpreted, Vv=VM code)
j  jdk.internal.icu.util.CodePointTrie$Fast16.<init>([C[CIII)V+2 java.base@17.0.7
j  jdk.internal.icu.util.CodePointTrie.fromBinary(Ljdk/internal/icu/util/CodePointTrie$Type;Ljdk/internal/icu/util/CodePointTrie$ValueWidth;Ljava/nio/ByteBuffer;)Ljdk/internal/icu/util/CodePointTrie;+514 java.base@17.0.7
j  jdk.internal.icu.util.CodePointTrie$Fast16.fromBinary(Ljava/nio/ByteBuffer;)Ljdk/internal/icu/util/CodePointTrie$Fast16;+7 java.base@17.0.7
j  jdk.internal.icu.impl.NormalizerImpl.load(Ljava/nio/ByteBuffer;)Ljdk/internal/icu/impl/NormalizerImpl;+214 java.base@17.0.7
j  jdk.internal.icu.impl.NormalizerImpl.load(Ljava/lang/String;)Ljdk/internal/icu/impl/NormalizerImpl;+5 java.base@17.0.7
j  jdk.internal.icu.impl.Norm2AllModes$Norm2AllModesSingleton.<init>(Ljava/lang/String;)V+37 java.base@17.0.7
j  jdk.internal.icu.impl.Norm2AllModes$NFKCSingleton.<clinit>()V+6 java.base@17.0.7
v  ~StubRoutines::call_stub
j  jdk.internal.icu.impl.Norm2AllModes.getNFKCInstance()Ljdk/internal/icu/impl/Norm2AllModes;+0 java.base@17.0.7
j  jdk.internal.icu.text.Normalizer2.getNFKDInstance()Ljdk/internal/icu/text/Normalizer2;+0 java.base@17.0.7
j  jdk.internal.icu.text.NormalizerBase$NFKDModeImpl.<clinit>()V+4 java.base@17.0.7
v  ~StubRoutines::call_stub
j  jdk.internal.icu.text.NormalizerBase$NFKDMode.getNormalizer2(I)Ljdk/internal/icu/text/Normalizer2;+16 java.base@17.0.7
j  jdk.internal.icu.text.NormalizerBase.normalize(Ljava/lang/String;Ljdk/internal/icu/text/NormalizerBase$Mode;I)Ljava/lang/String;+2 java.base@17.0.7
j  jdk.internal.icu.text.NormalizerBase.normalize(Ljava/lang/String;Ljava/text/Normalizer$Form;)Ljava/lang/String;+6 java.base@17.0.7
j  java.text.Normalizer.normalize(Ljava/lang/CharSequence;Ljava/text/Normalizer$Form;)Ljava/lang/String;+7 java.base@17.0.7
j  sun.security.x509.AVA.toRFC2253CanonicalString()Ljava/lang/String;+386 java.base@17.0.7
j  sun.security.x509.RDN.toRFC2253StringInternal(ZLjava/util/Map;)Ljava/lang/String;+19 java.base@17.0.7
j  sun.security.x509.RDN.toRFC2253String(Z)Ljava/lang/String;+27 java.base@17.0.7
j  sun.security.x509.X500Name.getRFC2253CanonicalName()Ljava/lang/String;+61 java.base@17.0.7
j  sun.security.x509.X500Name.equals(Ljava/lang/Object;)Z+115 java.base@17.0.7
j  sun.security.pkcs.PKCS7.getCertificate(Ljava/math/BigInteger;Lsun/security/x509/X500Name;)Ljava/security/cert/X509Certificate;+60 java.base@17.0.7
j  sun.security.pkcs.SignerInfo.getCertificate(Lsun/security/pkcs/PKCS7;)Ljava/security/cert/X509Certificate;+9 java.base@17.0.7
j  sun.security.pkcs.SignerInfo.verify(Lsun/security/pkcs/PKCS7;[B)Lsun/security/pkcs/SignerInfo;+422 java.base@17.0.7
j  sun.security.pkcs.PKCS7.verify(Lsun/security/pkcs/SignerInfo;[B)Lsun/security/pkcs/SignerInfo;+3 java.base@17.0.7
j  sun.security.pkcs.PKCS7.verify([B)[Lsun/security/pkcs/SignerInfo;+27 java.base@17.0.7
j  sun.security.pkcs.SignerInfo.getTimestamp()Ljava/security/Timestamp;+45 java.base@17.0.7
j  sun.security.pkcs.SignerInfo.verify(Lsun/security/pkcs/PKCS7;[B)Lsun/security/pkcs/SignerInfo;+3 java.base@17.0.7
j  sun.security.pkcs.PKCS7.verify(Lsun/security/pkcs/SignerInfo;[B)Lsun/security/pkcs/SignerInfo;+3 java.base@17.0.7
j  sun.security.pkcs.PKCS7.verify([B)[Lsun/security/pkcs/SignerInfo;+27 java.base@17.0.7
j  sun.security.util.SignatureFileVerifier.processImpl(Ljava/util/Hashtable;Ljava/util/List;Ljava/lang/String;)V+62 java.base@17.0.7
j  sun.security.util.SignatureFileVerifier.process(Ljava/util/Hashtable;Ljava/util/List;Ljava/lang/String;)V+12 java.base@17.0.7
j  java.util.jar.JarVerifier.processEntry(Lsun/security/util/ManifestEntryVerifier;)V+397 java.base@17.0.7
j  java.util.jar.JarVerifier.update(I[BIILsun/security/util/ManifestEntryVerifier;)V+39 java.base@17.0.7
j  java.util.jar.JarFile.initializeVerifier()V+164 java.base@17.0.7
j  java.util.jar.JarFile.ensureInitialization()V+41 java.base@17.0.7
j  java.util.jar.JavaUtilJarAccessImpl.ensureInitialization(Ljava/util/jar/JarFile;)V+1 java.base@17.0.7
j  jdk.internal.loader.URLClassPath$JarLoader$2.getManifest()Ljava/util/jar/Manifest;+10 java.base@17.0.7
j  jdk.internal.loader.BuiltinClassLoader.defineClass(Ljava/lang/String;Ljdk/internal/loader/Resource;)Ljava/lang/Class;+29 java.base@17.0.7
j  jdk.internal.loader.BuiltinClassLoader.findClassOnClassPathOrNull(Ljava/lang/String;)Ljava/lang/Class;+37 java.base@17.0.7
j  jdk.internal.loader.BuiltinClassLoader.loadClassOrNull(Ljava/lang/String;Z)Ljava/lang/Class;+111 java.base@17.0.7
j  jdk.internal.loader.BuiltinClassLoader.loadClass(Ljava/lang/String;Z)Ljava/lang/Class;+3 java.base@17.0.7
j  jdk.internal.loader.ClassLoaders$AppClassLoader.loadClass(Ljava/lang/String;Z)Ljava/lang/Class;+36 java.base@17.0.7
j  java.lang.ClassLoader.loadClass(Ljava/lang/String;)Ljava/lang/Class;+3 java.base@17.0.7
j  sun.instrument.InstrumentationImpl.loadClassAndStartAgent(Ljava/lang/String;Ljava/lang/String;Ljava/lang/String;)V+8 java.instrument@17.0.7
j  sun.instrument.InstrumentationImpl.loadClassAndCallPremain(Ljava/lang/String;Ljava/lang/String;)V+6 java.instrument@17.0.7
v  ~StubRoutines::call_stub

---------------  P R O C E S S  ---------------

Threads class SMR info:
_java_thread_list=0x000001a75e309cd0, length=14, elements={
0x000001a73f69c6e0, 0x000001a75e013260, 0x000001a75e0169b0, 0x000001a759d06770,
0x000001a75e0433e0, 0x000001a75e043ca0, 0x000001a75e044560, 0x000001a75e05d010,
0x000001a75e061070, 0x000001a75e0728d0, 0x000001a759c798d0, 0x000001a75e34d450,
0x000001a75e28f040, 0x000001a75e28f530
}
_to_delete_list=0x000001a75e30a180, length=13, elements={
0x000001a73f69c6e0, 0x000001a75e013260, 0x000001a75e0169b0, 0x000001a759d06770,
0x000001a75e0433e0, 0x000001a75e043ca0, 0x000001a75e044560, 0x000001a75e05d010,
0x000001a75e061070, 0x000001a75e0728d0, 0x000001a759c798d0, 0x000001a75e34d450,
0x000001a75e28f040
}

Java Threads: ( => current thread )
=>0x000001a73f69c6e0 JavaThread "main" [_thread_in_vm, id=50188, stack(0x000000a249b00000,0x000000a249c00000)]
  0x000001a75e013260 JavaThread "Reference Handler" daemon [_thread_blocked, id=9548, stack(0x000000a24a200000,0x000000a24a300000)]
  0x000001a75e0169b0 JavaThread "Finalizer" daemon [_thread_blocked, id=15508, stack(0x000000a24a300000,0x000000a24a400000)]
  0x000001a759d06770 JavaThread "Signal Dispatcher" daemon [_thread_blocked, id=17440, stack(0x000000a24a400000,0x000000a24a500000)]
  0x000001a75e0433e0 JavaThread "Attach Listener" daemon [_thread_blocked, id=51024, stack(0x000000a24a500000,0x000000a24a600000)]
  0x000001a75e043ca0 JavaThread "Service Thread" daemon [_thread_blocked, id=46368, stack(0x000000a24a600000,0x000000a24a700000)]
  0x000001a75e044560 JavaThread "Monitor Deflation Thread" daemon [_thread_blocked, id=14272, stack(0x000000a24a700000,0x000000a24a800000)]
  0x000001a75e05d010 JavaThread "C2 CompilerThread0" daemon [_thread_blocked, id=60192, stack(0x000000a24a800000,0x000000a24a900000)]
  0x000001a75e061070 JavaThread "C1 CompilerThread0" daemon [_thread_blocked, id=8244, stack(0x000000a24a900000,0x000000a24aa00000)]
  0x000001a75e0728d0 JavaThread "Sweeper thread" daemon [_thread_blocked, id=53496, stack(0x000000a24aa00000,0x000000a24ab00000)]
  0x000001a759c798d0 JavaThread "Common-Cleaner" daemon [_thread_blocked, id=10048, stack(0x000000a24ab00000,0x000000a24ac00000)]
  0x000001a75e34d450 JavaThread "JDWP Transport Listener: dt_socket" daemon [_thread_blocked, id=35440, stack(0x000000a24ac00000,0x000000a24ad00000)]
  0x000001a75e28f040 JavaThread "JDWP Event Helper Thread" daemon [_thread_blocked, id=59464, stack(0x000000a24ad00000,0x000000a24ae00000)]
  0x000001a75e28f530 JavaThread "JDWP Command Reader" daemon [_thread_in_native, id=25564, stack(0x000000a24ae00000,0x000000a24af00000)]

Other Threads:
  0x000001a759cec530 VMThread "VM Thread" [stack: 0x000000a24a100000,0x000000a24a200000] [id=50624]
  0x000001a73f6f59b0 GCTaskThread "GC Thread#0" [stack: 0x000000a249c00000,0x000000a249d00000] [id=7840]
  0x000001a73f705670 ConcurrentGCThread "G1 Main Marker" [stack: 0x000000a249d00000,0x000000a249e00000] [id=57484]
  0x000001a73f706080 ConcurrentGCThread "G1 Conc#0" [stack: 0x000000a249e00000,0x000000a249f00000] [id=17784]
  0x000001a759b440d0 ConcurrentGCThread "G1 Refine#0" [stack: 0x000000a249f00000,0x000000a24a000000] [id=55992]
  0x000001a759b44af0 ConcurrentGCThread "G1 Service" [stack: 0x000000a24a000000,0x000000a24a100000] [id=20280]

Threads with active compile tasks:

VM state: not at safepoint (normal execution)

VM Mutex/Monitor currently owned by a thread:  ([mutex/lock_event])
[0x000001a73f698120] Metaspace_lock - owner thread: 0x000001a73f69c6e0

Heap address: 0x0000000089400000, size: 1900 MB, Compressed Oops mode: 32-bit

CDS archive(s) not mapped
Compressed class space mapped at: 0x0000000100000000-0x0000000140000000, reserved size: 1073741824
Narrow klass base: 0x0000000000000000, Narrow klass shift: 3, Narrow klass range: 0x140000000

GC Precious Log:
 CPUs: 16 total, 16 available
 Memory: 7599M
 Large Page Support: Disabled
 NUMA Support: Disabled
 Compressed Oops: Enabled (32-bit)
 Heap Region Size: 1M
 Heap Min Capacity: 8M
 Heap Initial Capacity: 120M
 Heap Max Capacity: 1900M
 Pre-touch: Disabled
 Parallel Workers: 13
 Concurrent Workers: 3
 Concurrent Refinement Workers: 13
 Periodic GC: Disabled

Heap:
 garbage-first heap   total 122880K, used 3072K [0x0000000089400000, 0x0000000100000000)
  region size 1024K, 4 young (4096K), 0 survivors (0K)
 Metaspace       used 9179K, committed 9344K, reserved 1114112K
  class space    used 796K, committed 896K, reserved 1048576K

Heap Regions: E=young(eden), S=young(survivor), O=old, HS=humongous(starts), HC=humongous(continues), CS=collection set, F=free, OA=open archive, CA=closed archive, TAMS=top-at-mark-start (previous, next)
|   0|0x0000000089400000, 0x0000000089400000, 0x0000000089500000|  0%| F|  |TAMS 0x0000000089400000, 0x0000000089400000| Untracked 
|   1|0x0000000089500000, 0x0000000089500000, 0x0000000089600000|  0%| F|  |TAMS 0x0000000089500000, 0x0000000089500000| Untracked 
|   2|0x0000000089600000, 0x0000000089600000, 0x0000000089700000|  0%| F|  |TAMS 0x0000000089600000, 0x0000000089600000| Untracked 
|   3|0x0000000089700000, 0x0000000089700000, 0x0000000089800000|  0%| F|  |TAMS 0x0000000089700000, 0x0000000089700000| Untracked 
|   4|0x0000000089800000, 0x0000000089800000, 0x0000000089900000|  0%| F|  |TAMS 0x0000000089800000, 0x0000000089800000| Untracked 
|   5|0x0000000089900000, 0x0000000089900000, 0x0000000089a00000|  0%| F|  |TAMS 0x0000000089900000, 0x0000000089900000| Untracked 
|   6|0x0000000089a00000, 0x0000000089a00000, 0x0000000089b00000|  0%| F|  |TAMS 0x0000000089a00000, 0x0000000089a00000| Untracked 
|   7|0x0000000089b00000, 0x0000000089b00000, 0x0000000089c00000|  0%| F|  |TAMS 0x0000000089b00000, 0x0000000089b00000| Untracked 
|   8|0x0000000089c00000, 0x0000000089c00000, 0x0000000089d00000|  0%| F|  |TAMS 0x0000000089c00000, 0x0000000089c00000| Untracked 
|   9|0x0000000089d00000, 0x0000000089d00000, 0x0000000089e00000|  0%| F|  |TAMS 0x0000000089d00000, 0x0000000089d00000| Untracked 
|  10|0x0000000089e00000, 0x0000000089e00000, 0x0000000089f00000|  0%| F|  |TAMS 0x0000000089e00000, 0x0000000089e00000| Untracked 
|  11|0x0000000089f00000, 0x0000000089f00000, 0x000000008a000000|  0%| F|  |TAMS 0x0000000089f00000, 0x0000000089f00000| Untracked 
|  12|0x000000008a000000, 0x000000008a000000, 0x000000008a100000|  0%| F|  |TAMS 0x000000008a000000, 0x000000008a000000| Untracked 
|  13|0x000000008a100000, 0x000000008a100000, 0x000000008a200000|  0%| F|  |TAMS 0x000000008a100000, 0x000000008a100000| Untracked 
|  14|0x000000008a200000, 0x000000008a200000, 0x000000008a300000|  0%| F|  |TAMS 0x000000008a200000, 0x000000008a200000| Untracked 
|  15|0x000000008a300000, 0x000000008a300000, 0x000000008a400000|  0%| F|  |TAMS 0x000000008a300000, 0x000000008a300000| Untracked 
|  16|0x000000008a400000, 0x000000008a400000, 0x000000008a500000|  0%| F|  |TAMS 0x000000008a400000, 0x000000008a400000| Untracked 
|  17|0x000000008a500000, 0x000000008a500000, 0x000000008a600000|  0%| F|  |TAMS 0x000000008a500000, 0x000000008a500000| Untracked 
|  18|0x000000008a600000, 0x000000008a600000, 0x000000008a700000|  0%| F|  |TAMS 0x000000008a600000, 0x000000008a600000| Untracked 
|  19|0x000000008a700000, 0x000000008a700000, 0x000000008a800000|  0%| F|  |TAMS 0x000000008a700000, 0x000000008a700000| Untracked 
|  20|0x000000008a800000, 0x000000008a800000, 0x000000008a900000|  0%| F|  |TAMS 0x000000008a800000, 0x000000008a800000| Untracked 
|  21|0x000000008a900000, 0x000000008a900000, 0x000000008aa00000|  0%| F|  |TAMS 0x000000008a900000, 0x000000008a900000| Untracked 
|  22|0x000000008aa00000, 0x000000008aa00000, 0x000000008ab00000|  0%| F|  |TAMS 0x000000008aa00000, 0x000000008aa00000| Untracked 
|  23|0x000000008ab00000, 0x000000008ab00000, 0x000000008ac00000|  0%| F|  |TAMS 0x000000008ab00000, 0x000000008ab00000| Untracked 
|  24|0x000000008ac00000, 0x000000008ac00000, 0x000000008ad00000|  0%| F|  |TAMS 0x000000008ac00000, 0x000000008ac00000| Untracked 
|  25|0x000000008ad00000, 0x000000008ad00000, 0x000000008ae00000|  0%| F|  |TAMS 0x000000008ad00000, 0x000000008ad00000| Untracked 
|  26|0x000000008ae00000, 0x000000008ae00000, 0x000000008af00000|  0%| F|  |TAMS 0x000000008ae00000, 0x000000008ae00000| Untracked 
|  27|0x000000008af00000, 0x000000008af00000, 0x000000008b000000|  0%| F|  |TAMS 0x000000008af00000, 0x000000008af00000| Untracked 
|  28|0x000000008b000000, 0x000000008b000000, 0x000000008b100000|  0%| F|  |TAMS 0x000000008b000000, 0x000000008b000000| Untracked 
|  29|0x000000008b100000, 0x000000008b100000, 0x000000008b200000|  0%| F|  |TAMS 0x000000008b100000, 0x000000008b100000| Untracked 
|  30|0x000000008b200000, 0x000000008b200000, 0x000000008b300000|  0%| F|  |TAMS 0x000000008b200000, 0x000000008b200000| Untracked 
|  31|0x000000008b300000, 0x000000008b300000, 0x000000008b400000|  0%| F|  |TAMS 0x000000008b300000, 0x000000008b300000| Untracked 
|  32|0x000000008b400000, 0x000000008b400000, 0x000000008b500000|  0%| F|  |TAMS 0x000000008b400000, 0x000000008b400000| Untracked 
|  33|0x000000008b500000, 0x000000008b500000, 0x000000008b600000|  0%| F|  |TAMS 0x000000008b500000, 0x000000008b500000| Untracked 
|  34|0x000000008b600000, 0x000000008b600000, 0x000000008b700000|  0%| F|  |TAMS 0x000000008b600000, 0x000000008b600000| Untracked 
|  35|0x000000008b700000, 0x000000008b700000, 0x000000008b800000|  0%| F|  |TAMS 0x000000008b700000, 0x000000008b700000| Untracked 
|  36|0x000000008b800000, 0x000000008b800000, 0x000000008b900000|  0%| F|  |TAMS 0x000000008b800000, 0x000000008b800000| Untracked 
|  37|0x000000008b900000, 0x000000008b900000, 0x000000008ba00000|  0%| F|  |TAMS 0x000000008b900000, 0x000000008b900000| Untracked 
|  38|0x000000008ba00000, 0x000000008ba00000, 0x000000008bb00000|  0%| F|  |TAMS 0x000000008ba00000, 0x000000008ba00000| Untracked 
|  39|0x000000008bb00000, 0x000000008bb00000, 0x000000008bc00000|  0%| F|  |TAMS 0x000000008bb00000, 0x000000008bb00000| Untracked 
|  40|0x000000008bc00000, 0x000000008bc00000, 0x000000008bd00000|  0%| F|  |TAMS 0x000000008bc00000, 0x000000008bc00000| Untracked 
|  41|0x000000008bd00000, 0x000000008bd00000, 0x000000008be00000|  0%| F|  |TAMS 0x000000008bd00000, 0x000000008bd00000| Untracked 
|  42|0x000000008be00000, 0x000000008be00000, 0x000000008bf00000|  0%| F|  |TAMS 0x000000008be00000, 0x000000008be00000| Untracked 
|  43|0x000000008bf00000, 0x000000008bf00000, 0x000000008c000000|  0%| F|  |TAMS 0x000000008bf00000, 0x000000008bf00000| Untracked 
|  44|0x000000008c000000, 0x000000008c000000, 0x000000008c100000|  0%| F|  |TAMS 0x000000008c000000, 0x000000008c000000| Untracked 
|  45|0x000000008c100000, 0x000000008c100000, 0x000000008c200000|  0%| F|  |TAMS 0x000000008c100000, 0x000000008c100000| Untracked 
|  46|0x000000008c200000, 0x000000008c200000, 0x000000008c300000|  0%| F|  |TAMS 0x000000008c200000, 0x000000008c200000| Untracked 
|  47|0x000000008c300000, 0x000000008c300000, 0x000000008c400000|  0%| F|  |TAMS 0x000000008c300000, 0x000000008c300000| Untracked 
|  48|0x000000008c400000, 0x000000008c400000, 0x000000008c500000|  0%| F|  |TAMS 0x000000008c400000, 0x000000008c400000| Untracked 
|  49|0x000000008c500000, 0x000000008c500000, 0x000000008c600000|  0%| F|  |TAMS 0x000000008c500000, 0x000000008c500000| Untracked 
|  50|0x000000008c600000, 0x000000008c600000, 0x000000008c700000|  0%| F|  |TAMS 0x000000008c600000, 0x000000008c600000| Untracked 
|  51|0x000000008c700000, 0x000000008c700000, 0x000000008c800000|  0%| F|  |TAMS 0x000000008c700000, 0x000000008c700000| Untracked 
|  52|0x000000008c800000, 0x000000008c800000, 0x000000008c900000|  0%| F|  |TAMS 0x000000008c800000, 0x000000008c800000| Untracked 
|  53|0x000000008c900000, 0x000000008c900000, 0x000000008ca00000|  0%| F|  |TAMS 0x000000008c900000, 0x000000008c900000| Untracked 
|  54|0x000000008ca00000, 0x000000008ca00000, 0x000000008cb00000|  0%| F|  |TAMS 0x000000008ca00000, 0x000000008ca00000| Untracked 
|  55|0x000000008cb00000, 0x000000008cb00000, 0x000000008cc00000|  0%| F|  |TAMS 0x000000008cb00000, 0x000000008cb00000| Untracked 
|  56|0x000000008cc00000, 0x000000008cc00000, 0x000000008cd00000|  0%| F|  |TAMS 0x000000008cc00000, 0x000000008cc00000| Untracked 
|  57|0x000000008cd00000, 0x000000008cd00000, 0x000000008ce00000|  0%| F|  |TAMS 0x000000008cd00000, 0x000000008cd00000| Untracked 
|  58|0x000000008ce00000, 0x000000008ce00000, 0x000000008cf00000|  0%| F|  |TAMS 0x000000008ce00000, 0x000000008ce00000| Untracked 
|  59|0x000000008cf00000, 0x000000008cf00000, 0x000000008d000000|  0%| F|  |TAMS 0x000000008cf00000, 0x000000008cf00000| Untracked 
|  60|0x000000008d000000, 0x000000008d000000, 0x000000008d100000|  0%| F|  |TAMS 0x000000008d000000, 0x000000008d000000| Untracked 
|  61|0x000000008d100000, 0x000000008d100000, 0x000000008d200000|  0%| F|  |TAMS 0x000000008d100000, 0x000000008d100000| Untracked 
|  62|0x000000008d200000, 0x000000008d200000, 0x000000008d300000|  0%| F|  |TAMS 0x000000008d200000, 0x000000008d200000| Untracked 
|  63|0x000000008d300000, 0x000000008d300000, 0x000000008d400000|  0%| F|  |TAMS 0x000000008d300000, 0x000000008d300000| Untracked 
|  64|0x000000008d400000, 0x000000008d400000, 0x000000008d500000|  0%| F|  |TAMS 0x000000008d400000, 0x000000008d400000| Untracked 
|  65|0x000000008d500000, 0x000000008d500000, 0x000000008d600000|  0%| F|  |TAMS 0x000000008d500000, 0x000000008d500000| Untracked 
|  66|0x000000008d600000, 0x000000008d600000, 0x000000008d700000|  0%| F|  |TAMS 0x000000008d600000, 0x000000008d600000| Untracked 
|  67|0x000000008d700000, 0x000000008d700000, 0x000000008d800000|  0%| F|  |TAMS 0x000000008d700000, 0x000000008d700000| Untracked 
|  68|0x000000008d800000, 0x000000008d800000, 0x000000008d900000|  0%| F|  |TAMS 0x000000008d800000, 0x000000008d800000| Untracked 
|  69|0x000000008d900000, 0x000000008d900000, 0x000000008da00000|  0%| F|  |TAMS 0x000000008d900000, 0x000000008d900000| Untracked 
|  70|0x000000008da00000, 0x000000008da00000, 0x000000008db00000|  0%| F|  |TAMS 0x000000008da00000, 0x000000008da00000| Untracked 
|  71|0x000000008db00000, 0x000000008db00000, 0x000000008dc00000|  0%| F|  |TAMS 0x000000008db00000, 0x000000008db00000| Untracked 
|  72|0x000000008dc00000, 0x000000008dc00000, 0x000000008dd00000|  0%| F|  |TAMS 0x000000008dc00000, 0x000000008dc00000| Untracked 
|  73|0x000000008dd00000, 0x000000008dd00000, 0x000000008de00000|  0%| F|  |TAMS 0x000000008dd00000, 0x000000008dd00000| Untracked 
|  74|0x000000008de00000, 0x000000008de00000, 0x000000008df00000|  0%| F|  |TAMS 0x000000008de00000, 0x000000008de00000| Untracked 
|  75|0x000000008df00000, 0x000000008df00000, 0x000000008e000000|  0%| F|  |TAMS 0x000000008df00000, 0x000000008df00000| Untracked 
|  76|0x000000008e000000, 0x000000008e000000, 0x000000008e100000|  0%| F|  |TAMS 0x000000008e000000, 0x000000008e000000| Untracked 
|  77|0x000000008e100000, 0x000000008e100000, 0x000000008e200000|  0%| F|  |TAMS 0x000000008e100000, 0x000000008e100000| Untracked 
|  78|0x000000008e200000, 0x000000008e200000, 0x000000008e300000|  0%| F|  |TAMS 0x000000008e200000, 0x000000008e200000| Untracked 
|  79|0x000000008e300000, 0x000000008e300000, 0x000000008e400000|  0%| F|  |TAMS 0x000000008e300000, 0x000000008e300000| Untracked 
|  80|0x000000008e400000, 0x000000008e400000, 0x000000008e500000|  0%| F|  |TAMS 0x000000008e400000, 0x000000008e400000| Untracked 
|  81|0x000000008e500000, 0x000000008e500000, 0x000000008e600000|  0%| F|  |TAMS 0x000000008e500000, 0x000000008e500000| Untracked 
|  82|0x000000008e600000, 0x000000008e600000, 0x000000008e700000|  0%| F|  |TAMS 0x000000008e600000, 0x000000008e600000| Untracked 
|  83|0x000000008e700000, 0x000000008e700000, 0x000000008e800000|  0%| F|  |TAMS 0x000000008e700000, 0x000000008e700000| Untracked 
|  84|0x000000008e800000, 0x000000008e800000, 0x000000008e900000|  0%| F|  |TAMS 0x000000008e800000, 0x000000008e800000| Untracked 
|  85|0x000000008e900000, 0x000000008e900000, 0x000000008ea00000|  0%| F|  |TAMS 0x000000008e900000, 0x000000008e900000| Untracked 
|  86|0x000000008ea00000, 0x000000008ea00000, 0x000000008eb00000|  0%| F|  |TAMS 0x000000008ea00000, 0x000000008ea00000| Untracked 
|  87|0x000000008eb00000, 0x000000008eb00000, 0x000000008ec00000|  0%| F|  |TAMS 0x000000008eb00000, 0x000000008eb00000| Untracked 
|  88|0x000000008ec00000, 0x000000008ec00000, 0x000000008ed00000|  0%| F|  |TAMS 0x000000008ec00000, 0x000000008ec00000| Untracked 
|  89|0x000000008ed00000, 0x000000008ed00000, 0x000000008ee00000|  0%| F|  |TAMS 0x000000008ed00000, 0x000000008ed00000| Untracked 
|  90|0x000000008ee00000, 0x000000008ee00000, 0x000000008ef00000|  0%| F|  |TAMS 0x000000008ee00000, 0x000000008ee00000| Untracked 
|  91|0x000000008ef00000, 0x000000008ef00000, 0x000000008f000000|  0%| F|  |TAMS 0x000000008ef00000, 0x000000008ef00000| Untracked 
|  92|0x000000008f000000, 0x000000008f000000, 0x000000008f100000|  0%| F|  |TAMS 0x000000008f000000, 0x000000008f000000| Untracked 
|  93|0x000000008f100000, 0x000000008f100000, 0x000000008f200000|  0%| F|  |TAMS 0x000000008f100000, 0x000000008f100000| Untracked 
|  94|0x000000008f200000, 0x000000008f200000, 0x000000008f300000|  0%| F|  |TAMS 0x000000008f200000, 0x000000008f200000| Untracked 
|  95|0x000000008f300000, 0x000000008f300000, 0x000000008f400000|  0%| F|  |TAMS 0x000000008f300000, 0x000000008f300000| Untracked 
|  96|0x000000008f400000, 0x000000008f400000, 0x000000008f500000|  0%| F|  |TAMS 0x000000008f400000, 0x000000008f400000| Untracked 
|  97|0x000000008f500000, 0x000000008f500000, 0x000000008f600000|  0%| F|  |TAMS 0x000000008f500000, 0x000000008f500000| Untracked 
|  98|0x000000008f600000, 0x000000008f600000, 0x000000008f700000|  0%| F|  |TAMS 0x000000008f600000, 0x000000008f600000| Untracked 
|  99|0x000000008f700000, 0x000000008f700000, 0x000000008f800000|  0%| F|  |TAMS 0x000000008f700000, 0x000000008f700000| Untracked 
| 100|0x000000008f800000, 0x000000008f800000, 0x000000008f900000|  0%| F|  |TAMS 0x000000008f800000, 0x000000008f800000| Untracked 
| 101|0x000000008f900000, 0x000000008f900000, 0x000000008fa00000|  0%| F|  |TAMS 0x000000008f900000, 0x000000008f900000| Untracked 
| 102|0x000000008fa00000, 0x000000008fa00000, 0x000000008fb00000|  0%| F|  |TAMS 0x000000008fa00000, 0x000000008fa00000| Untracked 
| 103|0x000000008fb00000, 0x000000008fb00000, 0x000000008fc00000|  0%| F|  |TAMS 0x000000008fb00000, 0x000000008fb00000| Untracked 
| 104|0x000000008fc00000, 0x000000008fc00000, 0x000000008fd00000|  0%| F|  |TAMS 0x000000008fc00000, 0x000000008fc00000| Untracked 
| 105|0x000000008fd00000, 0x000000008fd00000, 0x000000008fe00000|  0%| F|  |TAMS 0x000000008fd00000, 0x000000008fd00000| Untracked 
| 106|0x000000008fe00000, 0x000000008fe00000, 0x000000008ff00000|  0%| F|  |TAMS 0x000000008fe00000, 0x000000008fe00000| Untracked 
| 107|0x000000008ff00000, 0x000000008ff00000, 0x0000000090000000|  0%| F|  |TAMS 0x000000008ff00000, 0x000000008ff00000| Untracked 
| 108|0x0000000090000000, 0x0000000090000000, 0x0000000090100000|  0%| F|  |TAMS 0x0000000090000000, 0x0000000090000000| Untracked 
| 109|0x0000000090100000, 0x0000000090100000, 0x0000000090200000|  0%| F|  |TAMS 0x0000000090100000, 0x0000000090100000| Untracked 
| 110|0x0000000090200000, 0x0000000090200000, 0x0000000090300000|  0%| F|  |TAMS 0x0000000090200000, 0x0000000090200000| Untracked 
| 111|0x0000000090300000, 0x0000000090300000, 0x0000000090400000|  0%| F|  |TAMS 0x0000000090300000, 0x0000000090300000| Untracked 
| 112|0x0000000090400000, 0x0000000090400000, 0x0000000090500000|  0%| F|  |TAMS 0x0000000090400000, 0x0000000090400000| Untracked 
| 113|0x0000000090500000, 0x0000000090500000, 0x0000000090600000|  0%| F|  |TAMS 0x0000000090500000, 0x0000000090500000| Untracked 
| 114|0x0000000090600000, 0x0000000090600000, 0x0000000090700000|  0%| F|  |TAMS 0x0000000090600000, 0x0000000090600000| Untracked 
| 115|0x0000000090700000, 0x0000000090700000, 0x0000000090800000|  0%| F|  |TAMS 0x0000000090700000, 0x0000000090700000| Untracked 
| 116|0x0000000090800000, 0x00000000908f6440, 0x0000000090900000| 96%| E|  |TAMS 0x0000000090800000, 0x0000000090800000| Complete 
| 117|0x0000000090900000, 0x0000000090a00000, 0x0000000090a00000|100%| E|CS|TAMS 0x0000000090900000, 0x0000000090900000| Complete 
| 118|0x0000000090a00000, 0x0000000090b00000, 0x0000000090b00000|100%| E|CS|TAMS 0x0000000090a00000, 0x0000000090a00000| Complete 
| 119|0x0000000090b00000, 0x0000000090c00000, 0x0000000090c00000|100%| E|CS|TAMS 0x0000000090b00000, 0x0000000090b00000| Complete 

Card table byte_map: [0x000001a752990000,0x000001a752d50000] _byte_map_base: 0x000001a752546000

Marking Bits (Prev, Next): (CMBitMap*) 0x000001a73f6f5fc0, (CMBitMap*) 0x000001a73f6f6000
 Prev Bits: [0x000001a753110000, 0x000001a754ec0000)
 Next Bits: [0x000001a754ec0000, 0x000001a756c70000)

Polling page: 0x000001a73ee60000

Metaspace:

Usage:
  Non-class:      8.19 MB used.
      Class:    796.26 KB used.
       Both:      8.96 MB used.

Virtual space:
  Non-class space:       64.00 MB reserved,       8.25 MB ( 13%) committed,  1 nodes.
      Class space:        1.00 GB reserved,     896.00 KB ( <1%) committed,  1 nodes.
             Both:        1.06 GB reserved,       9.12 MB ( <1%) committed. 

Chunk freelists:
   Non-Class:  7.00 MB
       Class:  15.00 MB
        Both:  22.00 MB

MaxMetaspaceSize: unlimited
CompressedClassSpaceSize: 1.00 GB
Initial GC threshold: 21.00 MB
Current GC threshold: 21.00 MB
CDS: off
MetaspaceReclaimPolicy: balanced
 - commit_granule_bytes: 65536.
 - commit_granule_words: 8192.
 - virtual_space_node_default_size: 8388608.
 - enlarge_chunks_in_place: 1.
 - new_chunks_are_fully_committed: 0.
 - uncommit_free_chunks: 1.
 - use_allocation_guard: 0.
 - handle_deallocations: 1.


Internal statistics:

num_allocs_failed_limit: 0.
num_arena_births: 8.
num_arena_deaths: 0.
num_vsnodes_births: 2.
num_vsnodes_deaths: 0.
num_space_committed: 146.
num_space_uncommitted: 0.
num_chunks_returned_to_freelist: 0.
num_chunks_taken_from_freelist: 28.
num_chunk_merges: 0.
num_chunk_splits: 9.
num_chunks_enlarged: 5.
num_inconsistent_stats: 0.

CodeHeap 'non-profiled nmethods': size=119168Kb used=96Kb max_used=96Kb free=119071Kb
 bounds [0x000001a74a8f0000, 0x000001a74ab60000, 0x000001a751d50000]
CodeHeap 'profiled nmethods': size=119104Kb used=442Kb max_used=442Kb free=118661Kb
 bounds [0x000001a742d50000, 0x000001a742fc0000, 0x000001a74a1a0000]
CodeHeap 'non-nmethods': size=7488Kb used=1204Kb max_used=1218Kb free=6283Kb
 bounds [0x000001a74a1a0000, 0x000001a74a410000, 0x000001a74a8f0000]
 total_blobs=746 nmethods=324 adapters=335
 compilation: enabled
              stopped_count=0, restarted_count=0
 full_count=0

Compilation events (20 events):
Event: 4.727 Thread 0x000001a75e061070  317       3       jdk.internal.org.objectweb.asm.SymbolTable$Entry::<init> (17 bytes)
Event: 4.728 Thread 0x000001a75e061070 nmethod 317 0x000001a742db9a90 code [0x000001a742db9c40, 0x000001a742db9de8]
Event: 4.728 Thread 0x000001a75e061070  318       3       jdk.internal.org.objectweb.asm.ByteVector::putByte (39 bytes)
Event: 4.728 Thread 0x000001a75e061070 nmethod 318 0x000001a742db9e90 code [0x000001a742dba040, 0x000001a742dba228]
Event: 4.728 Thread 0x000001a75e061070  319       3       jdk.internal.misc.Unsafe::allocateUninitializedArray0 (90 bytes)
Event: 4.729 Thread 0x000001a75e061070 nmethod 319 0x000001a742dba390 code [0x000001a742dba5a0, 0x000001a742dbaed8]
Event: 4.729 Thread 0x000001a75e061070  320       3       java.lang.invoke.MethodType::equals (56 bytes)
Event: 4.731 Thread 0x000001a75e061070 nmethod 320 0x000001a742dbb010 code [0x000001a742dbb240, 0x000001a742dbbd98]
Event: 4.737 Thread 0x000001a75e061070  321       3       java.lang.ref.Reference::reachabilityFence (1 bytes)
Event: 4.737 Thread 0x000001a75e061070 nmethod 321 0x000001a742dbbf90 code [0x000001a742dbc120, 0x000001a742dbc218]
Event: 4.743 Thread 0x000001a75e061070  322       3       java.util.Objects::checkFromIndexSize (8 bytes)
Event: 4.743 Thread 0x000001a75e061070 nmethod 322 0x000001a742dbc290 code [0x000001a742dbc440, 0x000001a742dbc668]
Event: 4.743 Thread 0x000001a75e061070  323       3       jdk.internal.util.Preconditions::checkFromIndexSize (25 bytes)
Event: 4.744 Thread 0x000001a75e061070 nmethod 323 0x000001a742dbc790 code [0x000001a742dbc940, 0x000001a742dbcb28]
Event: 4.744 Thread 0x000001a75e061070  324       1       java.util.zip.Inflater$InflaterZStreamRef::address (5 bytes)
Event: 4.744 Thread 0x000001a75e061070 nmethod 324 0x000001a74a907910 code [0x000001a74a907aa0, 0x000001a74a907b78]
Event: 4.744 Thread 0x000001a75e05d010  325       4       java.util.Arrays::copyOfRange (64 bytes)
Event: 4.744 Thread 0x000001a75e061070  326   !   3       java.lang.invoke.MemberName::getMethodType (211 bytes)
Event: 4.747 Thread 0x000001a75e061070 nmethod 326 0x000001a742dbcc10 code [0x000001a742dbcf00, 0x000001a742dbe498]
Event: 4.747 Thread 0x000001a75e05d010 nmethod 325 0x000001a74a907c10 code [0x000001a74a907da0, 0x000001a74a907ff8]

GC Heap History (0 events):
No events

Dll operation events (7 events):
Event: 0.178 Loaded shared library C:\Users\Аружан\Downloads\eclipse-java-2023-06-R-win32-x86_64\eclipse\plugins\org.eclipse.justj.openjdk.hotspot.jre.full.win32.x86_64_17.0.7.v20230425-1502\jre\bin\java.dll
Event: 4.337 Loaded shared library C:\Users\Аружан\Downloads\eclipse-java-2023-06-R-win32-x86_64\eclipse\plugins\org.eclipse.justj.openjdk.hotspot.jre.full.win32.x86_64_17.0.7.v20230425-1502\jre\bin\zip.dll
Event: 4.350 Loaded shared library C:\Users\Аружан\Downloads\eclipse-java-2023-06-R-win32-x86_64\eclipse\plugins\org.eclipse.justj.openjdk.hotspot.jre.full.win32.x86_64_17.0.7.v20230425-1502\jre\bin\instrument.dll
Event: 4.413 Loaded shared library C:\Users\Аружан\Downloads\eclipse-java-2023-06-R-win32-x86_64\eclipse\plugins\org.eclipse.justj.openjdk.hotspot.jre.full.win32.x86_64_17.0.7.v20230425-1502\jre\bin\net.dll
Event: 4.433 Loaded shared library C:\Users\Аружан\Downloads\eclipse-java-2023-06-R-win32-x86_64\eclipse\plugins\org.eclipse.justj.openjdk.hotspot.jre.full.win32.x86_64_17.0.7.v20230425-1502\jre\bin\nio.dll
Event: 4.463 Loaded shared library C:\Users\Аружан\Downloads\eclipse-java-2023-06-R-win32-x86_64\eclipse\plugins\org.eclipse.justj.openjdk.hotspot.jre.full.win32.x86_64_17.0.7.v20230425-1502\jre\bin\zip.dll
Event: 4.714 Loaded shared library C:\Users\Аружан\Downloads\eclipse-java-2023-06-R-win32-x86_64\eclipse\plugins\org.eclipse.justj.openjdk.hotspot.jre.full.win32.x86_64_17.0.7.v20230425-1502\jre\bin\jimage.dll

Deoptimization events (12 events):
Event: 4.348 Thread 0x000001a73f69c6e0 Uncommon trap: trap_request=0xffffff45 fr.pc=0x000001a74a8f8140 relative=0x00000000000001c0
Event: 4.348 Thread 0x000001a73f69c6e0 Uncommon trap: reason=unstable_if action=reinterpret pc=0x000001a74a8f8140 method=java.lang.String.hashCode()I @ 20 c2
Event: 4.348 Thread 0x000001a73f69c6e0 DEOPT PACKING pc=0x000001a74a8f8140 sp=0x000000a249bfe4e0
Event: 4.348 Thread 0x000001a73f69c6e0 DEOPT UNPACKING pc=0x000001a74a1f69a3 sp=0x000000a249bfe470 mode 2
Event: 4.541 Thread 0x000001a73f69c6e0 Uncommon trap: trap_request=0xffffff45 fr.pc=0x000001a74a8fd0d4 relative=0x0000000000000a74
Event: 4.541 Thread 0x000001a73f69c6e0 Uncommon trap: reason=unstable_if action=reinterpret pc=0x000001a74a8fd0d4 method=java.util.HashMap.putVal(ILjava/lang/Object;Ljava/lang/Object;ZZ)Ljava/lang/Object; @ 181 c2
Event: 4.541 Thread 0x000001a73f69c6e0 DEOPT PACKING pc=0x000001a74a8fd0d4 sp=0x000000a249bfde20
Event: 4.541 Thread 0x000001a73f69c6e0 DEOPT UNPACKING pc=0x000001a74a1f69a3 sp=0x000000a249bfdde0 mode 2
Event: 4.711 Thread 0x000001a73f69c6e0 Uncommon trap: trap_request=0xffffff45 fr.pc=0x000001a74a9034c8 relative=0x0000000000000048
Event: 4.711 Thread 0x000001a73f69c6e0 Uncommon trap: reason=unstable_if action=reinterpret pc=0x000001a74a9034c8 method=java.lang.CharacterData.of(I)Ljava/lang/CharacterData; @ 4 c2
Event: 4.711 Thread 0x000001a73f69c6e0 DEOPT PACKING pc=0x000001a74a9034c8 sp=0x000000a249bfabf0
Event: 4.711 Thread 0x000001a73f69c6e0 DEOPT UNPACKING pc=0x000001a74a1f69a3 sp=0x000000a249bfab90 mode 2

Classes unloaded (0 events):
No events

Classes redefined (0 events):
No events

Internal exceptions (2 events):
Event: 4.726 Thread 0x000001a73f69c6e0 Exception <a 'java/lang/NoSuchMethodError'{0x000000009084c3c8}: 'java.lang.Object java.lang.invoke.DirectMethodHandle$Holder.invokeStaticInit(java.lang.Object)'> (0x000000009084c3c8) 
thrown [s\src\hotspot\share\interpreter\linkResolver.cpp, line 759]
Event: 4.731 Thread 0x000001a73f69c6e0 Exception <a 'java/lang/NoSuchMethodError'{0x0000000090852710}: 'java.lang.Object java.lang.invoke.Invokers$Holder.invoke_MT(java.lang.Object, java.lang.Object, java.lang.Object)'> (0x0000000090852710) 
thrown [s\src\hotspot\share\interpreter\linkResolver.cpp, line 759]

VM Operations (4 events):
Event: 3.002 Executing VM operation: ChangeBreakpoints
Event: 3.029 Executing VM operation: ChangeBreakpoints done
Event: 3.064 Executing VM operation: ChangeBreakpoints
Event: 3.065 Executing VM operation: ChangeBreakpoints done

Events (20 events):
Event: 4.742 loading class jdk/internal/jimage/decompressor/ZipDecompressor done
Event: 4.745 loading class jdk/internal/icu/util/VersionInfo
Event: 4.745 loading class jdk/internal/icu/util/VersionInfo done
Event: 4.746 loading class jdk/internal/icu/util/CodePointTrie$Fast16
Event: 4.746 loading class jdk/internal/icu/util/CodePointTrie$Fast
Event: 4.746 loading class jdk/internal/icu/util/CodePointTrie
Event: 4.747 loading class jdk/internal/icu/util/CodePointMap
Event: 4.747 loading class jdk/internal/icu/util/CodePointMap done
Event: 4.747 loading class jdk/internal/icu/util/CodePointTrie done
Event: 4.747 loading class jdk/internal/icu/util/CodePointTrie$Fast done
Event: 4.747 loading class jdk/internal/icu/util/CodePointTrie$Fast16 done
Event: 4.747 loading class jdk/internal/icu/util/CodePointTrie$Type
Event: 4.747 loading class jdk/internal/icu/util/CodePointTrie$Type done
Event: 4.748 loading class jdk/internal/icu/util/CodePointTrie$ValueWidth
Event: 4.748 loading class jdk/internal/icu/util/CodePointTrie$ValueWidth done
Event: 4.748 loading class java/nio/ByteBufferAsCharBufferB
Event: 4.748 loading class java/nio/ByteBufferAsCharBufferB done
Event: 4.749 loading class jdk/internal/icu/util/CodePointTrie$1
Event: 4.749 loading class jdk/internal/icu/util/CodePointTrie$1 done
Event: 4.749 loading class jdk/internal/icu/util/CodePointTrie$Data16


Dynamic libraries:
0x00007ff60ca20000 - 0x00007ff60ca2e000 	C:\Users\Аружан\Downloads\eclipse-java-2023-06-R-win32-x86_64\eclipse\plugins\org.eclipse.justj.openjdk.hotspot.jre.full.win32.x86_64_17.0.7.v20230425-1502\jre\bin\javaw.exe
0x00007ffadcdb0000 - 0x00007ffadcfc7000 	C:\WINDOWS\SYSTEM32\ntdll.dll
0x00007ffadb310000 - 0x00007ffadb3d4000 	C:\WINDOWS\System32\KERNEL32.DLL
0x00007ffada3b0000 - 0x00007ffada756000 	C:\WINDOWS\System32\KERNELBASE.dll
0x00007ffada940000 - 0x00007ffadaa51000 	C:\WINDOWS\System32\ucrtbase.dll
0x00007ffac8090000 - 0x00007ffac80a7000 	C:\Users\Аружан\Downloads\eclipse-java-2023-06-R-win32-x86_64\eclipse\plugins\org.eclipse.justj.openjdk.hotspot.jre.full.win32.x86_64_17.0.7.v20230425-1502\jre\bin\jli.dll
0x00007ffadc870000 - 0x00007ffadca1e000 	C:\WINDOWS\System32\USER32.dll
0x00007ffada2c0000 - 0x00007ffada2e6000 	C:\WINDOWS\System32\win32u.dll
0x00007ffadcb80000 - 0x00007ffadcba9000 	C:\WINDOWS\System32\GDI32.dll
0x00007ffada1a0000 - 0x00007ffada2b8000 	C:\WINDOWS\System32\gdi32full.dll
0x00007ffadaa60000 - 0x00007ffadaafa000 	C:\WINDOWS\System32\msvcp_win.dll
0x00007ffac9880000 - 0x00007ffac9b13000 	C:\WINDOWS\WinSxS\amd64_microsoft.windows.common-controls_6595b64144ccf1df_6.0.22621.2506_none_270c5ae97388e100\COMCTL32.dll
0x00007ffac5cc0000 - 0x00007ffac5cd9000 	C:\Users\Аружан\Downloads\eclipse-java-2023-06-R-win32-x86_64\eclipse\plugins\org.eclipse.justj.openjdk.hotspot.jre.full.win32.x86_64_17.0.7.v20230425-1502\jre\bin\VCRUNTIME140.dll
0x00007ffadb140000 - 0x00007ffadb1e7000 	C:\WINDOWS\System32\msvcrt.dll
0x00007ffadb2d0000 - 0x00007ffadb301000 	C:\WINDOWS\System32\IMM32.DLL
0x00007ffaceb90000 - 0x00007ffaceb9c000 	C:\Users\Аружан\Downloads\eclipse-java-2023-06-R-win32-x86_64\eclipse\plugins\org.eclipse.justj.openjdk.hotspot.jre.full.win32.x86_64_17.0.7.v20230425-1502\jre\bin\vcruntime140_1.dll
0x00007ffa957e0000 - 0x00007ffa95871000 	C:\Users\Аружан\Downloads\eclipse-java-2023-06-R-win32-x86_64\eclipse\plugins\org.eclipse.justj.openjdk.hotspot.jre.full.win32.x86_64_17.0.7.v20230425-1502\jre\bin\msvcp140.dll
0x00007ffa3a610000 - 0x00007ffa3b258000 	C:\Users\Аружан\Downloads\eclipse-java-2023-06-R-win32-x86_64\eclipse\plugins\org.eclipse.justj.openjdk.hotspot.jre.full.win32.x86_64_17.0.7.v20230425-1502\jre\bin\server\jvm.dll
0x00007ffadab60000 - 0x00007ffadac11000 	C:\WINDOWS\System32\ADVAPI32.dll
0x00007ffadb4e0000 - 0x00007ffadb585000 	C:\WINDOWS\System32\sechost.dll
0x00007ffadae80000 - 0x00007ffadaf97000 	C:\WINDOWS\System32\RPCRT4.dll
0x00007ffac4070000 - 0x00007ffac4079000 	C:\WINDOWS\SYSTEM32\WSOCK32.dll
0x00007ffadc7f0000 - 0x00007ffadc861000 	C:\WINDOWS\System32\WS2_32.dll
0x00007ffad33a0000 - 0x00007ffad33d4000 	C:\WINDOWS\SYSTEM32\WINMM.dll
0x00007ffad4960000 - 0x00007ffad496a000 	C:\WINDOWS\SYSTEM32\VERSION.dll
0x00007ffad90e0000 - 0x00007ffad90f8000 	C:\WINDOWS\SYSTEM32\kernel.appcore.dll
0x00007ffad0160000 - 0x00007ffad016a000 	C:\Users\Аружан\Downloads\eclipse-java-2023-06-R-win32-x86_64\eclipse\plugins\org.eclipse.justj.openjdk.hotspot.jre.full.win32.x86_64_17.0.7.v20230425-1502\jre\bin\jimage.dll
0x00007ffad7880000 - 0x00007ffad7ab3000 	C:\WINDOWS\SYSTEM32\DBGHELP.DLL
0x00007ffadb590000 - 0x00007ffadb919000 	C:\WINDOWS\System32\combase.dll
0x00007ffadb9a0000 - 0x00007ffadba77000 	C:\WINDOWS\System32\OLEAUT32.dll
0x00007ffacf7b0000 - 0x00007ffacf7e2000 	C:\WINDOWS\SYSTEM32\dbgcore.DLL
0x00007ffada120000 - 0x00007ffada19a000 	C:\WINDOWS\System32\bcryptPrimitives.dll
0x00007ffaa1c30000 - 0x00007ffaa1c6b000 	C:\Users\Аружан\Downloads\eclipse-java-2023-06-R-win32-x86_64\eclipse\plugins\org.eclipse.justj.openjdk.hotspot.jre.full.win32.x86_64_17.0.7.v20230425-1502\jre\bin\jdwp.dll
0x00007fface6f0000 - 0x00007fface6fe000 	C:\Users\Аружан\Downloads\eclipse-java-2023-06-R-win32-x86_64\eclipse\plugins\org.eclipse.justj.openjdk.hotspot.jre.full.win32.x86_64_17.0.7.v20230425-1502\jre\bin\instrument.dll
0x00007ffac7150000 - 0x00007ffac7175000 	C:\Users\Аружан\Downloads\eclipse-java-2023-06-R-win32-x86_64\eclipse\plugins\org.eclipse.justj.openjdk.hotspot.jre.full.win32.x86_64_17.0.7.v20230425-1502\jre\bin\java.dll
0x00007ffad0140000 - 0x00007ffad0158000 	C:\Users\Аружан\Downloads\eclipse-java-2023-06-R-win32-x86_64\eclipse\plugins\org.eclipse.justj.openjdk.hotspot.jre.full.win32.x86_64_17.0.7.v20230425-1502\jre\bin\zip.dll
0x00007ffadbf00000 - 0x00007ffadc75a000 	C:\WINDOWS\System32\SHELL32.dll
0x00007ffad7ff0000 - 0x00007ffad88e6000 	C:\WINDOWS\SYSTEM32\windows.storage.dll
0x00007ffad7eb0000 - 0x00007ffad7fee000 	C:\WINDOWS\SYSTEM32\wintypes.dll
0x00007ffadb3e0000 - 0x00007ffadb4d3000 	C:\WINDOWS\System32\SHCORE.dll
0x00007ffadb260000 - 0x00007ffadb2be000 	C:\WINDOWS\System32\shlwapi.dll
0x00007ffada050000 - 0x00007ffada076000 	C:\WINDOWS\SYSTEM32\profapi.dll
0x00007fface490000 - 0x00007fface49c000 	C:\Users\Аружан\Downloads\eclipse-java-2023-06-R-win32-x86_64\eclipse\plugins\org.eclipse.justj.openjdk.hotspot.jre.full.win32.x86_64_17.0.7.v20230425-1502\jre\bin\dt_socket.dll
0x00007ffad8b90000 - 0x00007ffad8bbd000 	C:\WINDOWS\SYSTEM32\IPHLPAPI.DLL
0x00007ffad9550000 - 0x00007ffad95b9000 	C:\WINDOWS\system32\mswsock.dll
0x00007ffad8bc0000 - 0x00007ffad8cb9000 	C:\WINDOWS\SYSTEM32\DNSAPI.dll
0x00007ffadac90000 - 0x00007ffadac99000 	C:\WINDOWS\System32\NSI.dll
0x00007ffad48d0000 - 0x00007ffad48da000 	C:\Windows\System32\rasadhlp.dll
0x00007ffad4830000 - 0x00007ffad48b3000 	C:\WINDOWS\System32\fwpuclnt.dll
0x00007fface4a0000 - 0x00007fface4b9000 	C:\Users\Аружан\Downloads\eclipse-java-2023-06-R-win32-x86_64\eclipse\plugins\org.eclipse.justj.openjdk.hotspot.jre.full.win32.x86_64_17.0.7.v20230425-1502\jre\bin\net.dll
0x00007ffad5340000 - 0x00007ffad5477000 	C:\WINDOWS\SYSTEM32\WINHTTP.dll
0x00007ffac8000000 - 0x00007ffac8015000 	C:\Users\Аружан\Downloads\eclipse-java-2023-06-R-win32-x86_64\eclipse\plugins\org.eclipse.justj.openjdk.hotspot.jre.full.win32.x86_64_17.0.7.v20230425-1502\jre\bin\nio.dll

dbghelp: loaded successfully - version: 4.0.5 - missing functions: none
symbol engine: initialized successfully - sym options: 0x614 - pdb path: .;C:\Users\Аружан\Downloads\eclipse-java-2023-06-R-win32-x86_64\eclipse\plugins\org.eclipse.justj.openjdk.hotspot.jre.full.win32.x86_64_17.0.7.v20230425-1502\jre\bin;C:\WINDOWS\SYSTEM32;C:\WINDOWS\WinSxS\amd64_microsoft.windows.common-controls_6595b64144ccf1df_6.0.22621.2506_none_270c5ae97388e100;C:\Users\Аружан\Downloads\eclipse-java-2023-06-R-win32-x86_64\eclipse\plugins\org.eclipse.justj.openjdk.hotspot.jre.full.win32.x86_64_17.0.7.v20230425-1502\jre\bin\server

VM Arguments:
jvm_args: -XX:+ShowCodeDetailsInExceptionMessages -agentlib:jdwp=transport=dt_socket,suspend=y,address=localhost:59341 -javaagent:C:\Users\Аружан\Downloads\eclipse-java-2023-06-R-win32-x86_64\eclipse\configuration\org.eclipse.osgi\248\0\.cp\lib\javaagent-shaded.jar -Dfile.encoding=UTF-8 
java_command: SubSystems.Translator
java_class_path (initial): C:\Users\Аружан\eclipse-workspace\OOProject\bin
Launcher Type: SUN_STANDARD

[Global flags]
     intx CICompilerCount                          = 12                                        {product} {ergonomic}
     uint ConcGCThreads                            = 3                                         {product} {ergonomic}
     uint G1ConcRefinementThreads                  = 13                                        {product} {ergonomic}
   size_t G1HeapRegionSize                         = 1048576                                   {product} {ergonomic}
    uintx GCDrainStackTargetSize                   = 64                                        {product} {ergonomic}
   size_t InitialHeapSize                          = 125829120                                 {product} {ergonomic}
   size_t MarkStackSize                            = 4194304                                   {product} {ergonomic}
   size_t MaxHeapSize                              = 1992294400                                {product} {ergonomic}
   size_t MaxNewSize                               = 1195376640                                {product} {ergonomic}
   size_t MinHeapDeltaBytes                        = 1048576                                   {product} {ergonomic}
   size_t MinHeapSize                              = 8388608                                   {product} {ergonomic}
    uintx NonNMethodCodeHeapSize                   = 7602480                                {pd product} {ergonomic}
    uintx NonProfiledCodeHeapSize                  = 122027880                              {pd product} {ergonomic}
    uintx ProfiledCodeHeapSize                     = 122027880                              {pd product} {ergonomic}
    uintx ReservedCodeCacheSize                    = 251658240                              {pd product} {ergonomic}
     bool SegmentedCodeCache                       = true                                      {product} {ergonomic}
     bool ShowCodeDetailsInExceptionMessages       = true                                   {manageable} {command line}
   size_t SoftMaxHeapSize                          = 1992294400                             {manageable} {ergonomic}
     bool UseCompressedClassPointers               = true                           {product lp64_product} {ergonomic}
     bool UseCompressedOops                        = true                           {product lp64_product} {ergonomic}
     bool UseG1GC                                  = true                                      {product} {ergonomic}
     bool UseLargePagesIndividualAllocation        = false                                  {pd product} {ergonomic}

Logging:
Log output configuration:
 #0: stdout all=warning uptime,level,tags
 #1: stderr all=off uptime,level,tags

Environment Variables:
PATH=C:\Users\Аружан\Downloads\eclipse-java-2023-06-R-win32-x86_64\eclipse\plugins\org.eclipse.justj.openjdk.hotspot.jre.full.win32.x86_64_17.0.7.v20230425-1502\jre\bin;C:/Users/Ђаг¦ ­/Downloads/eclipse-java-2023-06-R-win32-x86_64/eclipse//plugins/org.eclipse.justj.openjdk.hotspot.jre.full.win32.x86_64_17.0.7.v20230425-1502/jre/bin/server;C:/Users/Ђаг¦ ­/Downloads/eclipse-java-2023-06-R-win32-x86_64/eclipse//plugins/org.eclipse.justj.openjdk.hotspot.jre.full.win32.x86_64_17.0.7.v20230425-1502/jre/bin;C:\Program Files\Common Files\Oracle\Java\javapath;C:\Python310\Scripts\;C:\Python310\;C:\ProgramData\Oracle\Java\javapath;C:\WINDOWS\system32;C:\WINDOWS;C:\WINDOWS\System32\Wbem;C:\WINDOWS\System32\WindowsPowerShell\v1.0\;C:\WINDOWS\System32\OpenSSH\;C:\Program Files\Microsoft SQL Server\150\Tools\Binn\;C:\ProgramData\chocolatey\bin;C:\mingw64tdm\bin;C:\WINDOWS\system32;C:\WINDOWS;C:\WINDOWS\System32\Wbem;C:\WINDOWS\System32\WindowsPowerShell\v1.0\;C:\Program Files\NVIDIA Corporation\NVIDIA NvDLISR;C:\Program Files (x86)\NVIDIA Corporation\PhysX\Common;C:\Program Files\dotnet\;C:\Users\Ђаг¦ ­\AppData\Local\Programs\Python\Python311\Scripts\;C:\Users\Ђаг¦ ­\AppData\Local\Programs\Python\Python311\;C:\mingw64tdm\bin;C:\Users\Ђаг¦ ­\AppData\Local\Programs\Microsoft VS Code\bin;C:\Users\Ђаг¦ ­\Python310;;C:\Users\Ђаг¦ ­\AppData\Local\Microsoft\WindowsApps;C:\Users\Ђаг¦ ­\Downloads\eclipse-java-2023-06-R-win32-x86_64\eclipse;
USERNAME=Ђаг¦ ­
OS=Windows_NT
PROCESSOR_IDENTIFIER=AMD64 Family 23 Model 96 Stepping 1, AuthenticAMD
TMP=C:\Users\7F1F~1\AppData\Local\Temp
TEMP=C:\Users\7F1F~1\AppData\Local\Temp



---------------  S Y S T E M  ---------------

OS:
 Windows 11 , 64 bit Build 22621 (10.0.22621.2506)
OS uptime: 9 days 15:35 hours
Hyper-V role detected

CPU: total 16 (initial active 16) (16 cores per cpu, 2 threads per core) family 23 model 96 stepping 1 microcode 0x0, cx8, cmov, fxsr, ht, mmx, 3dnowpref, sse, sse2, sse3, ssse3, sse4a, sse4.1, sse4.2, popcnt, lzcnt, tsc, tscinvbit, avx, avx2, aes, clmul, bmi1, bmi2, adx, sha, fma, vzeroupper, clflush, clflushopt, hv

Memory: 4k page, system-wide physical 7599M (63M free)
TotalPageFile size 31151M (AvailPageFile size 1M)
current process WorkingSet (physical memory assigned to process): 44M, peak: 44M
current process commit charge ("private bytes"): 213M, peak: 213M

vm_info: OpenJDK 64-Bit Server VM (17.0.7+7) for windows-amd64 JRE (17.0.7+7), built on Apr 18 2023 22:10:42 by "temurin" with MS VC++ 16.7 (VS2019)

END.
